<?xml version="1.0" encoding="UTF-8"?>
<!-- Generated by org.testng.reporters.JUnitReportReporter -->
<testsuite hostname="Ravi-PC" failures="0" tests="1" name="com.inetbanking.testCases.TC_LoginTest_001" time="8.715" errors="0" timestamp="2023-06-30T17:53:46 IST" skipped="0">
  <testcase classname="com.inetbanking.testCases.TC_LoginTest_001" name="logTest" time="8.715"/>
  <system-out/>
</testsuite> <!-- com.inetbanking.testCases.TC_LoginTest_001 -->
